input-dir input map_zero.txt
[32m2021-10-12 16:54:07.308[39m | [1mINFO[22m | [90m/home/avsp/Masa√ºst√º/ganner/environment/level_utils.py:75[39m | Tokens in level ['-', 'W', 'X']
Library size increased: 1
input-dir input map_zero.txt
[32m2021-10-12 16:54:07.313[39m | [1mINFO[22m | [90m/home/avsp/Masa√ºst√º/ganner/environment/level_utils.py:75[39m | Tokens in level ['-', 'W', 'X']
Library size increased: 1
MODE: train
(1, 1, 3, 20, 20)
  0%|                                                                                              | 0/15 [00:01<?, ?it/s]
Traceback (most recent call last):
  File "/home/avsp/.local/lib/python3.6/site-packages/pandas/core/internals/construction.py", line 564, in _list_to_arrays
    columns = _validate_or_indexify_columns(content, columns)
  File "/home/avsp/.local/lib/python3.6/site-packages/pandas/core/internals/construction.py", line 689, in _validate_or_indexify_columns
    f"{len(columns)} columns passed, passed data had "
AssertionError: 4 columns passed, passed data had 3 columns
The above exception was the direct cause of the following exception:
Traceback (most recent call last):
  File "main.py", line 199, in <module>
    main()
  File "main.py", line 94, in main
    generated_map = g.train(env, sample_map, classifier, opt)
  File "/home/avsp/Masa√ºst√º/ganner/train.py", line 139, in train
    write_stats([errD_fake.item(), errD_real.item(), errG.item()])
  File "/home/avsp/Masa√ºst√º/ganner/train.py", line 23, in write_stats
    df_stats = pd.DataFrame([stats], columns=stat_columns)
  File "/home/avsp/.local/lib/python3.6/site-packages/pandas/core/frame.py", line 509, in __init__
    arrays, columns = to_arrays(data, columns, dtype=dtype)
  File "/home/avsp/.local/lib/python3.6/site-packages/pandas/core/internals/construction.py", line 524, in to_arrays
    return _list_to_arrays(data, columns, coerce_float=coerce_float, dtype=dtype)
  File "/home/avsp/.local/lib/python3.6/site-packages/pandas/core/internals/construction.py", line 567, in _list_to_arrays
    raise ValueError(e) from e
ValueError: 4 columns passed, passed data had 3 columns