input-dir input map_zero.txt
[32m2021-10-08 14:50:38.293[39m | [1mINFO[22m | [90m/home/avsp/Masa√ºst√º/ganner/environment/level_utils.py:75[39m | Tokens in level ['-', 'W', 'X']
Library size increased: 1
MODE: train
  0%|                                                                                                                    | 0/15 [00:00<?, ?it/s]
Traceback (most recent call last):
  File "/home/avsp/.local/lib/python3.6/site-packages/pandas/core/internals/construction.py", line 564, in _list_to_arrays
    columns = _validate_or_indexify_columns(content, columns)
  File "/home/avsp/.local/lib/python3.6/site-packages/pandas/core/internals/construction.py", line 689, in _validate_or_indexify_columns
    f"{len(columns)} columns passed, passed data had "
AssertionError: 3 columns passed, passed data had 1 columns
The above exception was the direct cause of the following exception:
Traceback (most recent call last):
  File "main.py", line 196, in <module>
    main()
  File "main.py", line 92, in main
    generated_map = g.train(env, sample_map, classifier, opt)
  File "/home/avsp/Masa√ºst√º/ganner/train.py", line 122, in train
    write_stats([errG.item()])
  File "/home/avsp/Masa√ºst√º/ganner/train.py", line 22, in write_stats
    df_stats = pd.DataFrame([stats], columns=stat_columns)
  File "/home/avsp/.local/lib/python3.6/site-packages/pandas/core/frame.py", line 509, in __init__
    arrays, columns = to_arrays(data, columns, dtype=dtype)
  File "/home/avsp/.local/lib/python3.6/site-packages/pandas/core/internals/construction.py", line 524, in to_arrays
    return _list_to_arrays(data, columns, coerce_float=coerce_float, dtype=dtype)
  File "/home/avsp/.local/lib/python3.6/site-packages/pandas/core/internals/construction.py", line 567, in _list_to_arrays
    raise ValueError(e) from e
ValueError: 3 columns passed, passed data had 1 columns